<?xml version="1.0" encoding="UTF-8"?>
<!-- Generated by org.testng.reporters.JUnitReportReporter -->
<testsuite hostname="LAPTOP-Q5U8A4BA" failures="0" tests="2" name="Test.ToolQA_Login_Test" time="8.018" errors="0" timestamp="2021-07-03T23:37:50 IST" skipped="0">
  <testcase classname="Test.ToolQA_Login_Test" name="getLaunch_URL_Test" time="4.819"/>
  <system-out/>
  <testcase classname="Test.ToolQA_Login_Test" name="element_Page_Test" time="3.199"/>
  <system-out/>
</testsuite> <!-- Test.ToolQA_Login_Test -->
