<?xml version="1.0" encoding="UTF-8"?>
<!-- Generated by org.testng.reporters.JUnitReportReporter -->
<testsuite hostname="INN14U-HL361" failures="0" tests="1" name="Test.ToolQA_text_box_Test1" time="13.667" errors="0" timestamp="2021-07-01T02:17:14 IST" skipped="0">
  <testcase classname="Test.ToolQA_text_box_Test1" name="Text_Box_Test" time="13.667"/>
  <system-out/>
</testsuite> <!-- Test.ToolQA_text_box_Test1 -->
