<?xml version="1.0" encoding="UTF-8"?>
<!-- Generated by org.testng.reporters.JUnitReportReporter -->
<testsuite hostname="LAPTOP-Q5U8A4BA" failures="0" tests="1" name="Test.ToolQA_text_box_Test" time="0.000" errors="0" timestamp="2021-07-03T23:37:50 IST" skipped="1">
  <testcase classname="Test.ToolQA_text_box_Test" name="Text_Box_Test" time="0.000">
    <skipped/>
  </testcase> <!-- Text_Box_Test -->
  <system-out/>
</testsuite> <!-- Test.ToolQA_text_box_Test -->
